<?xml version="1.0" encoding="UTF-8"?>
<testng-results ignored="0" total="1" passed="1" failed="0" skipped="0">
  <reporter-output>
  </reporter-output>
  <suite started-at="2023-09-09T12:28:15 UTC" name="Practice Suite" finished-at="2023-09-09T12:28:15 UTC" duration-ms="62">
    <groups>
    </groups>
    <test started-at="2023-09-09T12:28:15 UTC" name="TestNG Annotation Precedence" finished-at="2023-09-09T12:28:15 UTC" duration-ms="62">
      <class name="pkgTestNg.testNGDemo">
        <test-method is-config="true" signature="beforeTest()[pri:0, instance:pkgTestNg.testNGDemo@5e316c74]" started-at="2023-09-09T12:28:15 UTC" name="beforeTest" finished-at="2023-09-09T12:28:15 UTC" duration-ms="16" status="PASS">
          <reporter-output>
          </reporter-output>
        </test-method> <!-- beforeTest -->
        <test-method signature="test()[pri:0, instance:pkgTestNg.testNGDemo@5e316c74]" started-at="2023-09-09T12:28:15 UTC" name="test" finished-at="2023-09-09T12:28:15 UTC" duration-ms="13" status="PASS">
          <reporter-output>
          </reporter-output>
        </test-method> <!-- test -->
        <test-method is-config="true" signature="afterTest()[pri:0, instance:pkgTestNg.testNGDemo@5e316c74]" started-at="2023-09-09T12:28:15 UTC" name="afterTest" finished-at="2023-09-09T12:28:15 UTC" duration-ms="0" status="PASS">
          <reporter-output>
          </reporter-output>
        </test-method> <!-- afterTest -->
      </class> <!-- pkgTestNg.testNGDemo -->
    </test> <!-- TestNG Annotation Precedence -->
  </suite> <!-- Practice Suite -->
</testng-results>
